<?xml version="1.0" encoding="UTF-8"?>
<testsuite xmlns:xsi="http://www.w3.org/2001/XMLSchema-instance" xsi:noNamespaceSchemaLocation="https://maven.apache.org/surefire/maven-surefire-plugin/xsd/surefire-test-report-3.0.xsd" version="3.0" name="com.proton.ProtonApplicationTests" time="4.012" tests="1" errors="0" skipped="0" failures="0">
  <properties>
[...]
</properties>
  <testcase name="contextLoads" classname="com.proton.ProtonApplicationTests" time="0.395">
    <system-out><![CDATA[09:19:06.565 [main] INFO org.springframework.test.context.support.AnnotationConfigContextLoaderUtils -- Could not detect default configuration classes for test class [com.proton.ProtonApplicationTests]: ProtonApplicationTests does not declare any static, non-private, non-final, nested classes annotated with @Configuration.
09:19:06.646 [main] INFO org.springframework.boot.test.context.SpringBootTestContextBootstrapper -- Found @SpringBootConfiguration com.proton.ProtonApplication for test class com.proton.ProtonApplicationTests

  .   ____          _            __ _ _
 /\\ / ___'_ __ _ _(_)_ __  __ _ \ \ \ \
( ( )\___ | '_ | '_| | '_ \/ _` | \ \ \ \
 \\/  ___)| |_)| | | | | || (_| |  ) ) ) )
  '  |____| .__|_| |_|_| |_\__, | / / / /
 =========|_|==============|___/=/_/_/_/
 :: Spring Boot ::                (v3.2.3)

2024-03-14T09:19:06.995-03:00  INFO 8396 --- [           main] com.proton.ProtonApplicationTests        : Starting ProtonApplicationTests using Java 19.0.2 with PID 8396 (started by Usuario in C:\projeto-integrador\back-end\projeto-protoon)
2024-03-14T09:19:06.996-03:00  INFO 8396 --- [           main] com.proton.ProtonApplicationTests        : The following 1 profile is active: "test"
2024-03-14T09:19:07.510-03:00  INFO 8396 --- [           main] .s.d.r.c.RepositoryConfigurationDelegate : Bootstrapping Spring Data JPA repositories in DEFAULT mode.
2024-03-14T09:19:07.573-03:00  INFO 8396 --- [           main] .s.d.r.c.RepositoryConfigurationDelegate : Finished Spring Data repository scanning in 53 ms. Found 2 JPA repository interfaces.
2024-03-14T09:19:07.921-03:00  INFO 8396 --- [           main] com.zaxxer.hikari.HikariDataSource       : HikariPool-1 - Starting...
2024-03-14T09:19:08.096-03:00  INFO 8396 --- [           main] com.zaxxer.hikari.pool.HikariPool        : HikariPool-1 - Added connection conn0: url=jdbc:h2:mem:testdb user=SA
2024-03-14T09:19:08.097-03:00  INFO 8396 --- [           main] com.zaxxer.hikari.HikariDataSource       : HikariPool-1 - Start completed.
2024-03-14T09:19:08.138-03:00  INFO 8396 --- [           main] o.hibernate.jpa.internal.util.LogHelper  : HHH000204: Processing PersistenceUnitInfo [name: default]
2024-03-14T09:19:08.190-03:00  INFO 8396 --- [           main] org.hibernate.Version                    : HHH000412: Hibernate ORM core version 6.4.4.Final
2024-03-14T09:19:08.226-03:00  INFO 8396 --- [           main] o.h.c.internal.RegionFactoryInitiator    : HHH000026: Second-level cache disabled
2024-03-14T09:19:08.507-03:00  INFO 8396 --- [           main] o.s.o.j.p.SpringPersistenceUnitInfo      : No LoadTimeWeaver setup: ignoring JPA class transformer
2024-03-14T09:19:08.554-03:00  WARN 8396 --- [           main] org.hibernate.orm.deprecation            : HHH90000025: H2Dialect does not need to be specified explicitly using 'hibernate.dialect' (remove the property setting and it will be selected by default)
2024-03-14T09:19:09.328-03:00  INFO 8396 --- [           main] o.h.e.t.j.p.i.JtaPlatformInitiator       : HHH000489: No JTA platform available (set 'hibernate.transaction.jta.platform' to enable JTA platform integration)
Hibernate: 
    drop table if exists endereco cascade 
Hibernate: 
    drop table if exists municipe cascade 
Hibernate: 
    drop sequence if exists endereco_seq
Hibernate: 
    drop sequence if exists municipe_seq
Hibernate: 
    create sequence endereco_seq start with 1 increment by 50
Hibernate: 
    create sequence municipe_seq start with 1 increment by 50
Hibernate: 
    create table endereco (
        id_endereco integer not null,
        bairro varchar(255) not null,
        cidade varchar(255) not null,
        complemento varchar(255) not null,
        estado varchar(255) not null,
        logradouro varchar(255) not null,
        nome_endereco varchar(255) not null,
        num_cep varchar(255) not null,
        num_endereco varchar(255) not null,
        pais varchar(255) not null,
        tipo_endereco varchar(255) not null,
        primary key (id_endereco)
    )
Hibernate: 
    create table municipe (
        data_nascimento date,
        id_enderecofk integer unique,
        id_municipe integer not null,
        email varchar(255) not null unique,
        nome_municipe varchar(255) not null,
        num_cpf varchar(255) not null unique,
        senha varchar(255) not null,
        primary key (id_municipe)
    )
Hibernate: 
    alter table if exists municipe 
       add constraint FKg5k1bfx2xfvadfv6mkku9e2yv 
       foreign key (id_enderecofk) 
       references endereco
2024-03-14T09:19:09.366-03:00  INFO 8396 --- [           main] j.LocalContainerEntityManagerFactoryBean : Initialized JPA EntityManagerFactory for persistence unit 'default'
2024-03-14T09:19:09.981-03:00  INFO 8396 --- [           main] o.s.b.a.h2.H2ConsoleAutoConfiguration    : H2 console available at '/h2-console'. Database available at 'jdbc:h2:mem:testdb'
2024-03-14T09:19:10.030-03:00  INFO 8396 --- [           main] com.proton.ProtonApplicationTests        : Started ProtonApplicationTests in 3.244 seconds (process running for 4.031)
]]></system-out>
  </testcase>
</testsuite>